This file contains any messages produced by compilers while
running configure, to aid debugging if configure makes a mistake.

It was created by configure, which was
generated by GNU Autoconf 2.61.  Invocation command line was

  $ ./configure 

## --------- ##
## Platform. ##
## --------- ##

hostname = stockton-mini
uname -m = i686
uname -r = 2.6.24-21-generic
uname -s = Linux
uname -v = #1 SMP Tue Oct 21 23:43:45 UTC 2008

/usr/bin/uname -p = unknown
/bin/uname -X     = unknown

/bin/arch              = unknown
/usr/bin/arch -k       = unknown
/usr/convex/getsysinfo = unknown
/usr/bin/hostinfo      = unknown
/bin/machine           = unknown
/usr/bin/oslevel       = unknown
/bin/universe          = unknown

PATH: /usr/local/sbin
PATH: /usr/local/bin
PATH: /usr/sbin
PATH: /usr/bin
PATH: /sbin
PATH: /bin
PATH: /usr/games
PATH: /opt/matlab/bin
PATH: /opt/matlab/etc/


## ----------- ##
## Core tests. ##
## ----------- ##

configure:2001: configuring gstsomaeventsource for development with nano 1
configure:2040: checking whether to enable maintainer-specific portions of Makefiles
configure:2049: result: no
configure:2109: checking for a BSD-compatible install
configure:2165: result: /usr/bin/install -c
configure:2176: checking whether build environment is sane
configure:2219: result: yes
configure:2247: checking for a thread-safe mkdir -p
configure:2286: result: /bin/mkdir -p
configure:2299: checking for gawk
configure:2329: result: no
configure:2299: checking for mawk
configure:2315: found /usr/bin/mawk
configure:2326: result: mawk
configure:2337: checking whether make sets $(MAKE)
configure:2358: result: yes
configure:2601: checking for gcc
configure:2617: found /usr/bin/gcc
configure:2628: result: gcc
configure:2866: checking for C compiler version
configure:2873: gcc --version >&5
gcc (GCC) 4.2.4 (Ubuntu 4.2.4-1ubuntu3)
Copyright (C) 2007 Free Software Foundation, Inc.
This is free software; see the source for copying conditions.  There is NO
warranty; not even for MERCHANTABILITY or FITNESS FOR A PARTICULAR PURPOSE.

configure:2876: $? = 0
configure:2883: gcc -v >&5
Using built-in specs.
Target: i486-linux-gnu
Configured with: ../src/configure -v --enable-languages=c,c++,fortran,objc,obj-c++,treelang --prefix=/usr --enable-shared --with-system-zlib --libexecdir=/usr/lib --without-included-gettext --enable-threads=posix --enable-nls --with-gxx-include-dir=/usr/include/c++/4.2 --program-suffix=-4.2 --enable-clocale=gnu --enable-libstdcxx-debug --enable-objc-gc --enable-mpfr --enable-targets=all --enable-checking=release --build=i486-linux-gnu --host=i486-linux-gnu --target=i486-linux-gnu
Thread model: posix
gcc version 4.2.4 (Ubuntu 4.2.4-1ubuntu3)
configure:2886: $? = 0
configure:2893: gcc -V >&5
gcc: '-V' option must have argument
configure:2896: $? = 1
configure:2919: checking for C compiler default output file name
configure:2946: gcc    conftest.c  >&5
configure:2949: $? = 0
configure:2987: result: a.out
configure:3004: checking whether the C compiler works
configure:3014: ./a.out
configure:3017: $? = 0
configure:3034: result: yes
configure:3041: checking whether we are cross compiling
configure:3043: result: no
configure:3046: checking for suffix of executables
configure:3053: gcc -o conftest    conftest.c  >&5
configure:3056: $? = 0
configure:3080: result: 
configure:3086: checking for suffix of object files
configure:3112: gcc -c   conftest.c >&5
configure:3115: $? = 0
configure:3138: result: o
configure:3142: checking whether we are using the GNU C compiler
configure:3171: gcc -c   conftest.c >&5
configure:3177: $? = 0
configure:3194: result: yes
configure:3199: checking whether gcc accepts -g
configure:3229: gcc -c -g  conftest.c >&5
configure:3235: $? = 0
configure:3334: result: yes
configure:3351: checking for gcc option to accept ISO C89
configure:3425: gcc  -c -g -O2  conftest.c >&5
configure:3431: $? = 0
configure:3454: result: none needed
configure:3483: checking for style of include used by make
configure:3511: result: GNU
configure:3536: checking dependency style of gcc
configure:3627: result: gcc3
configure:3720: checking build system type
configure:3738: result: i686-pc-linux-gnu
configure:3760: checking host system type
configure:3775: result: i686-pc-linux-gnu
configure:3797: checking for a sed that does not truncate output
configure:3853: result: /bin/sed
configure:3856: checking for grep that handles long lines and -e
configure:3930: result: /bin/grep
configure:3935: checking for egrep
configure:4013: result: /bin/grep -E
configure:4029: checking for ld used by gcc
configure:4096: result: /usr/bin/ld
configure:4105: checking if the linker (/usr/bin/ld) is GNU ld
configure:4120: result: yes
configure:4125: checking for /usr/bin/ld option to reload object files
configure:4132: result: -r
configure:4150: checking for BSD-compatible nm
configure:4199: result: /usr/bin/nm -B
configure:4203: checking whether ln -s works
configure:4207: result: yes
configure:4214: checking how to recognize dependent libraries
configure:4400: result: pass_all
configure:4645: checking how to run the C preprocessor
configure:4685: gcc -E  conftest.c
configure:4691: $? = 0
configure:4722: gcc -E  conftest.c
conftest.c:14:28: error: ac_nonexistent.h: No such file or directory
configure:4728: $? = 1
configure: failed program was:
| /* confdefs.h.  */
| #define PACKAGE_NAME ""
| #define PACKAGE_TARNAME ""
| #define PACKAGE_VERSION ""
| #define PACKAGE_STRING ""
| #define PACKAGE_BUGREPORT ""
| #define GST_PLUGIN_VERSION "0.10.0.1"
| #define GST_PLUGIN_VERSION_RELEASE "0.20081111.185348"
| #define PACKAGE "gstsomaeventsource"
| #define VERSION "0.10.0.1"
| #define PACKAGE "gstsomaeventsource"
| #define VERSION "0.10.0.1"
| /* end confdefs.h.  */
| #include <ac_nonexistent.h>
configure:4761: result: gcc -E
configure:4790: gcc -E  conftest.c
configure:4796: $? = 0
configure:4827: gcc -E  conftest.c
conftest.c:14:28: error: ac_nonexistent.h: No such file or directory
configure:4833: $? = 1
configure: failed program was:
| /* confdefs.h.  */
| #define PACKAGE_NAME ""
| #define PACKAGE_TARNAME ""
| #define PACKAGE_VERSION ""
| #define PACKAGE_STRING ""
| #define PACKAGE_BUGREPORT ""
| #define GST_PLUGIN_VERSION "0.10.0.1"
| #define GST_PLUGIN_VERSION_RELEASE "0.20081111.185348"
| #define PACKAGE "gstsomaeventsource"
| #define VERSION "0.10.0.1"
| #define PACKAGE "gstsomaeventsource"
| #define VERSION "0.10.0.1"
| /* end confdefs.h.  */
| #include <ac_nonexistent.h>
configure:4871: checking for ANSI C header files
configure:4901: gcc -c -g -O2  conftest.c >&5
configure:4907: $? = 0
configure:5006: gcc -o conftest -g -O2   conftest.c  >&5
configure:5009: $? = 0
configure:5015: ./conftest
configure:5018: $? = 0
configure:5035: result: yes
configure:5059: checking for sys/types.h
configure:5080: gcc -c -g -O2  conftest.c >&5
configure:5086: $? = 0
configure:5102: result: yes
configure:5059: checking for sys/stat.h
configure:5080: gcc -c -g -O2  conftest.c >&5
configure:5086: $? = 0
configure:5102: result: yes
configure:5059: checking for stdlib.h
configure:5080: gcc -c -g -O2  conftest.c >&5
configure:5086: $? = 0
configure:5102: result: yes
configure:5059: checking for string.h
configure:5080: gcc -c -g -O2  conftest.c >&5
configure:5086: $? = 0
configure:5102: result: yes
configure:5059: checking for memory.h
configure:5080: gcc -c -g -O2  conftest.c >&5
configure:5086: $? = 0
configure:5102: result: yes
configure:5059: checking for strings.h
configure:5080: gcc -c -g -O2  conftest.c >&5
configure:5086: $? = 0
configure:5102: result: yes
configure:5059: checking for inttypes.h
configure:5080: gcc -c -g -O2  conftest.c >&5
configure:5086: $? = 0
configure:5102: result: yes
configure:5059: checking for stdint.h
configure:5080: gcc -c -g -O2  conftest.c >&5
configure:5086: $? = 0
configure:5102: result: yes
configure:5059: checking for unistd.h
configure:5080: gcc -c -g -O2  conftest.c >&5
configure:5086: $? = 0
configure:5102: result: yes
configure:5129: checking dlfcn.h usability
configure:5146: gcc -c -g -O2  conftest.c >&5
configure:5152: $? = 0
configure:5166: result: yes
configure:5170: checking dlfcn.h presence
configure:5185: gcc -E  conftest.c
configure:5191: $? = 0
configure:5205: result: yes
configure:5233: checking for dlfcn.h
configure:5241: result: yes
configure:5312: checking for g++
configure:5328: found /usr/bin/g++
configure:5339: result: g++
configure:5370: checking for C++ compiler version
configure:5377: g++ --version >&5
g++ (GCC) 4.2.4 (Ubuntu 4.2.4-1ubuntu3)
Copyright (C) 2007 Free Software Foundation, Inc.
This is free software; see the source for copying conditions.  There is NO
warranty; not even for MERCHANTABILITY or FITNESS FOR A PARTICULAR PURPOSE.

configure:5380: $? = 0
configure:5387: g++ -v >&5
Using built-in specs.
Target: i486-linux-gnu
Configured with: ../src/configure -v --enable-languages=c,c++,fortran,objc,obj-c++,treelang --prefix=/usr --enable-shared --with-system-zlib --libexecdir=/usr/lib --without-included-gettext --enable-threads=posix --enable-nls --with-gxx-include-dir=/usr/include/c++/4.2 --program-suffix=-4.2 --enable-clocale=gnu --enable-libstdcxx-debug --enable-objc-gc --enable-mpfr --enable-targets=all --enable-checking=release --build=i486-linux-gnu --host=i486-linux-gnu --target=i486-linux-gnu
Thread model: posix
gcc version 4.2.4 (Ubuntu 4.2.4-1ubuntu3)
configure:5390: $? = 0
configure:5397: g++ -V >&5
g++: '-V' option must have argument
configure:5400: $? = 1
configure:5403: checking whether we are using the GNU C++ compiler
configure:5432: g++ -c   conftest.cpp >&5
configure:5438: $? = 0
configure:5455: result: yes
configure:5460: checking whether g++ accepts -g
configure:5490: g++ -c -g  conftest.cpp >&5
configure:5496: $? = 0
configure:5595: result: yes
configure:5620: checking dependency style of g++
configure:5711: result: gcc3
configure:5736: checking how to run the C++ preprocessor
configure:5772: g++ -E  conftest.cpp
configure:5778: $? = 0
configure:5809: g++ -E  conftest.cpp
conftest.cpp:25:28: error: ac_nonexistent.h: No such file or directory
configure:5815: $? = 1
configure: failed program was:
| /* confdefs.h.  */
| #define PACKAGE_NAME ""
| #define PACKAGE_TARNAME ""
| #define PACKAGE_VERSION ""
| #define PACKAGE_STRING ""
| #define PACKAGE_BUGREPORT ""
| #define GST_PLUGIN_VERSION "0.10.0.1"
| #define GST_PLUGIN_VERSION_RELEASE "0.20081111.185348"
| #define PACKAGE "gstsomaeventsource"
| #define VERSION "0.10.0.1"
| #define PACKAGE "gstsomaeventsource"
| #define VERSION "0.10.0.1"
| #define STDC_HEADERS 1
| #define HAVE_SYS_TYPES_H 1
| #define HAVE_SYS_STAT_H 1
| #define HAVE_STDLIB_H 1
| #define HAVE_STRING_H 1
| #define HAVE_MEMORY_H 1
| #define HAVE_STRINGS_H 1
| #define HAVE_INTTYPES_H 1
| #define HAVE_STDINT_H 1
| #define HAVE_UNISTD_H 1
| #define HAVE_DLFCN_H 1
| /* end confdefs.h.  */
| #include <ac_nonexistent.h>
configure:5848: result: g++ -E
configure:5877: g++ -E  conftest.cpp
configure:5883: $? = 0
configure:5914: g++ -E  conftest.cpp
conftest.cpp:25:28: error: ac_nonexistent.h: No such file or directory
configure:5920: $? = 1
configure: failed program was:
| /* confdefs.h.  */
| #define PACKAGE_NAME ""
| #define PACKAGE_TARNAME ""
| #define PACKAGE_VERSION ""
| #define PACKAGE_STRING ""
| #define PACKAGE_BUGREPORT ""
| #define GST_PLUGIN_VERSION "0.10.0.1"
| #define GST_PLUGIN_VERSION_RELEASE "0.20081111.185348"
| #define PACKAGE "gstsomaeventsource"
| #define VERSION "0.10.0.1"
| #define PACKAGE "gstsomaeventsource"
| #define VERSION "0.10.0.1"
| #define STDC_HEADERS 1
| #define HAVE_SYS_TYPES_H 1
| #define HAVE_SYS_STAT_H 1
| #define HAVE_STDLIB_H 1
| #define HAVE_STRING_H 1
| #define HAVE_MEMORY_H 1
| #define HAVE_STRINGS_H 1
| #define HAVE_INTTYPES_H 1
| #define HAVE_STDINT_H 1
| #define HAVE_UNISTD_H 1
| #define HAVE_DLFCN_H 1
| /* end confdefs.h.  */
| #include <ac_nonexistent.h>
configure:6013: checking for g77
configure:6043: result: no
configure:6013: checking for xlf
configure:6043: result: no
configure:6013: checking for f77
configure:6043: result: no
configure:6013: checking for frt
configure:6043: result: no
configure:6013: checking for pgf77
configure:6043: result: no
configure:6013: checking for cf77
configure:6043: result: no
configure:6013: checking for fort77
configure:6043: result: no
configure:6013: checking for fl32
configure:6043: result: no
configure:6013: checking for af77
configure:6043: result: no
configure:6013: checking for xlf90
configure:6043: result: no
configure:6013: checking for f90
configure:6043: result: no
configure:6013: checking for pgf90
configure:6043: result: no
configure:6013: checking for pghpf
configure:6043: result: no
configure:6013: checking for epcf90
configure:6043: result: no
configure:6013: checking for gfortran
configure:6043: result: no
configure:6013: checking for g95
configure:6043: result: no
configure:6013: checking for xlf95
configure:6043: result: no
configure:6013: checking for f95
configure:6043: result: no
configure:6013: checking for fort
configure:6043: result: no
configure:6013: checking for ifort
configure:6043: result: no
configure:6013: checking for ifc
configure:6043: result: no
configure:6013: checking for efc
configure:6043: result: no
configure:6013: checking for pgf95
configure:6043: result: no
configure:6013: checking for lf95
configure:6043: result: no
configure:6013: checking for ftn
configure:6043: result: no
configure:6070: checking for Fortran 77 compiler version
configure:6077:  --version >&5
./configure: line 6078: --version: command not found
configure:6080: $? = 127
configure:6087:  -v >&5
./configure: line 6088: -v: command not found
configure:6090: $? = 127
configure:6097:  -V >&5
./configure: line 6098: -V: command not found
configure:6100: $? = 127
configure:6108: checking whether we are using the GNU Fortran 77 compiler
configure:6127:  -c  conftest.F >&5
./configure: line 6128: -c: command not found
configure:6133: $? = 127
configure: failed program was:
|       program main
| #ifndef __GNUC__
|        choke me
| #endif
| 
|       end
configure:6150: result: no
configure:6156: checking whether  accepts -g
configure:6173:  -c -g conftest.f >&5
./configure: line 6174: -c: command not found
configure:6179: $? = 127
configure: failed program was:
|       program main
| 
|       end
configure:6195: result: no
configure:6224: checking the maximum length of command line arguments
configure:6336: result: 98304
configure:6348: checking command to parse /usr/bin/nm -B output from gcc object
configure:6453: gcc -c -g -O2  conftest.c >&5
configure:6456: $? = 0
configure:6460: /usr/bin/nm -B conftest.o \| sed -n -e 's/^.*[ 	]\([ABCDGIRSTW][ABCDGIRSTW]*\)[ 	][ 	]*\([_A-Za-z][_A-Za-z0-9]*\)$/\1 \2 \2/p' \> conftest.nm
configure:6463: $? = 0
configure:6515: gcc -o conftest -g -O2   conftest.c conftstm.o >&5
configure:6518: $? = 0
configure:6556: result: ok
configure:6560: checking for objdir
configure:6575: result: .libs
configure:6667: checking for ar
configure:6683: found /usr/bin/ar
configure:6694: result: ar
configure:6763: checking for ranlib
configure:6779: found /usr/bin/ranlib
configure:6790: result: ranlib
configure:6859: checking for strip
configure:6875: found /usr/bin/strip
configure:6886: result: strip
configure:7484: checking if gcc supports -fno-rtti -fno-exceptions
configure:7502: gcc -c -g -O2  -fno-rtti -fno-exceptions conftest.c >&5
cc1: warning: command line option "-fno-rtti" is valid for C++/ObjC++ but not for C
configure:7506: $? = 0
configure:7519: result: no
configure:7534: checking for gcc option to produce PIC
configure:7766: result: -fPIC
configure:7774: checking if gcc PIC flag -fPIC works
configure:7792: gcc -c -g -O2  -fPIC -DPIC conftest.c >&5
configure:7796: $? = 0
configure:7809: result: yes
configure:7837: checking if gcc static flag -static works
configure:7865: result: yes
configure:7875: checking if gcc supports -c -o file.o
configure:7896: gcc -c -g -O2  -o out/conftest2.o conftest.c >&5
configure:7900: $? = 0
configure:7922: result: yes
configure:7948: checking whether the gcc linker (/usr/bin/ld) supports shared libraries
configure:8929: result: yes
configure:8950: checking whether -lc should be explicitly linked in
configure:8955: gcc -c -g -O2  conftest.c >&5
configure:8958: $? = 0
configure:8973: gcc -shared conftest.o  -v -Wl,-soname -Wl,conftest -o conftest 2\>\&1 \| grep  -lc  \>/dev/null 2\>\&1
configure:8976: $? = 0
configure:8988: result: no
configure:8996: checking dynamic linker characteristics
configure:9610: result: GNU/Linux ld.so
configure:9634: checking how to hardcode library paths into programs
configure:9659: result: immediate
configure:9673: checking whether stripping libraries is possible
configure:9678: result: yes
configure:10480: checking if libtool supports shared libraries
configure:10482: result: yes
configure:10485: checking whether to build shared libraries
configure:10506: result: yes
configure:10509: checking whether to build static libraries
configure:10513: result: yes
configure:10607: creating libtool
configure:11200: checking for ld used by g++
configure:11267: result: /usr/bin/ld
configure:11276: checking if the linker (/usr/bin/ld) is GNU ld
configure:11291: result: yes
configure:11342: checking whether the g++ linker (/usr/bin/ld) supports shared libraries
configure:12288: result: yes
configure:12305: g++ -c -g -O2  conftest.cpp >&5
configure:12308: $? = 0
configure:12464: checking for g++ option to produce PIC
configure:12748: result: -fPIC
configure:12756: checking if g++ PIC flag -fPIC works
configure:12774: g++ -c -g -O2  -fPIC -DPIC conftest.cpp >&5
configure:12778: $? = 0
configure:12791: result: yes
configure:12819: checking if g++ static flag -static works
configure:12847: result: yes
configure:12857: checking if g++ supports -c -o file.o
configure:12878: g++ -c -g -O2  -o out/conftest2.o conftest.cpp >&5
configure:12882: $? = 0
configure:12904: result: yes
configure:12930: checking whether the g++ linker (/usr/bin/ld) supports shared libraries
configure:12959: result: yes
configure:13026: checking dynamic linker characteristics
configure:13588: result: GNU/Linux ld.so
configure:13612: checking how to hardcode library paths into programs
configure:13637: result: immediate
configure:19887: checking to see if compiler understands -Wall
configure:19914: gcc -c -g -O2 -Wall  conftest.c >&5
configure:19920: $? = 0
configure:19943: result: yes
configure:19952: checking to see if compiler understands -Werror
configure:19979: gcc -c -g -O2 -Werror  conftest.c >&5
configure:19985: $? = 0
configure:20008: result: yes
configure:20016: checking for pkg-config
configure:20032: found /usr/bin/pkg-config
configure:20044: result: yes
configure:20110: checking for pkg-config
configure:20128: found /usr/bin/pkg-config
configure:20140: result: /usr/bin/pkg-config
configure:20169: checking pkg-config is at least version 0.9.0
configure:20172: result: yes
configure:20183: checking for GST
configure:20192: $PKG_CONFIG --exists --print-errors "\
  gstreamer-$GST_MAJORMINOR >= $GST_REQUIRED"
configure:20196: $? = 0
configure:20213: $PKG_CONFIG --exists --print-errors "\
  gstreamer-$GST_MAJORMINOR >= $GST_REQUIRED"
configure:20217: $? = 0
configure:20256: result: yes
configure:20276: checking for GST_BASE
configure:20284: $PKG_CONFIG --exists --print-errors "gstreamer-base-$GST_MAJORMINOR >= $GST_REQUIRED"
configure:20287: $? = 0
configure:20302: $PKG_CONFIG --exists --print-errors "gstreamer-base-$GST_MAJORMINOR >= $GST_REQUIRED"
configure:20305: $? = 0
configure:20341: result: yes
configure:20359: checking for GSTPB_BASE
configure:20367: $PKG_CONFIG --exists --print-errors "gstreamer-plugins-base-$GST_MAJORMINOR >= $GSTPB_REQUIRED"
Package gstreamer-plugins-base-0.10 was not found in the pkg-config search path.
Perhaps you should add the directory containing `gstreamer-plugins-base-0.10.pc'
to the PKG_CONFIG_PATH environment variable
No package 'gstreamer-plugins-base-0.10' found
configure:20370: $? = 1
configure:20385: $PKG_CONFIG --exists --print-errors "gstreamer-plugins-base-$GST_MAJORMINOR >= $GSTPB_REQUIRED"
Package gstreamer-plugins-base-0.10 was not found in the pkg-config search path.
Perhaps you should add the directory containing `gstreamer-plugins-base-0.10.pc'
to the PKG_CONFIG_PATH environment variable
No package 'gstreamer-plugins-base-0.10' found
configure:20388: $? = 1
No package 'gstreamer-plugins-base-0.10' found
configure:20416: result: no
configure:20431: checking for SOMANETEVENT
configure:20439: $PKG_CONFIG --exists --print-errors "somanetevent-1.0 >= 1.0  "
configure:20442: $? = 0
configure:20457: $PKG_CONFIG --exists --print-errors "somanetevent-1.0 >= 1.0  "
configure:20460: $? = 0
configure:20536: result: yes
configure:20542: no GStreamer Plugins Base libraries found (gstreamer-plugins-base-0.10)
configure:20554: checking for GSTCTRL
configure:20562: $PKG_CONFIG --exists --print-errors "gstreamer-controller-$GST_MAJORMINOR >= $GSTPB_REQUIRED"
configure:20565: $? = 0
configure:20580: $PKG_CONFIG --exists --print-errors "gstreamer-controller-$GST_MAJORMINOR >= $GSTPB_REQUIRED"
configure:20583: $? = 0
configure:20619: result: yes
configure:20772: creating ./config.status

## ---------------------- ##
## Running config.status. ##
## ---------------------- ##

This file was extended by config.status, which was
generated by GNU Autoconf 2.61.  Invocation command line was

  CONFIG_FILES    = 
  CONFIG_HEADERS  = 
  CONFIG_LINKS    = 
  CONFIG_COMMANDS = 
  $ ./config.status 

on stockton-mini

config.status:693: creating Makefile
config.status:693: creating m4/Makefile
config.status:693: creating src/Makefile
config.status:693: creating config.h
config.status:971: executing depfiles commands

## ---------------- ##
## Cache variables. ##
## ---------------- ##

ac_cv_build=i686-pc-linux-gnu
ac_cv_c_compiler_gnu=yes
ac_cv_cxx_compiler_gnu=yes
ac_cv_env_CCC_set=
ac_cv_env_CCC_value=
ac_cv_env_CC_set=
ac_cv_env_CC_value=
ac_cv_env_CFLAGS_set=
ac_cv_env_CFLAGS_value=
ac_cv_env_CPPFLAGS_set=
ac_cv_env_CPPFLAGS_value=
ac_cv_env_CPP_set=
ac_cv_env_CPP_value=
ac_cv_env_CXXCPP_set=
ac_cv_env_CXXCPP_value=
ac_cv_env_CXXFLAGS_set=
ac_cv_env_CXXFLAGS_value=
ac_cv_env_CXX_set=
ac_cv_env_CXX_value=
ac_cv_env_F77_set=
ac_cv_env_F77_value=
ac_cv_env_FFLAGS_set=
ac_cv_env_FFLAGS_value=
ac_cv_env_GSTCTRL_CFLAGS_set=
ac_cv_env_GSTCTRL_CFLAGS_value=
ac_cv_env_GSTCTRL_LIBS_set=
ac_cv_env_GSTCTRL_LIBS_value=
ac_cv_env_GSTPB_BASE_CFLAGS_set=
ac_cv_env_GSTPB_BASE_CFLAGS_value=
ac_cv_env_GSTPB_BASE_LIBS_set=
ac_cv_env_GSTPB_BASE_LIBS_value=
ac_cv_env_GST_BASE_CFLAGS_set=
ac_cv_env_GST_BASE_CFLAGS_value=
ac_cv_env_GST_BASE_LIBS_set=
ac_cv_env_GST_BASE_LIBS_value=
ac_cv_env_GST_CFLAGS_set=
ac_cv_env_GST_CFLAGS_value=
ac_cv_env_GST_LIBS_set=
ac_cv_env_GST_LIBS_value=
ac_cv_env_LDFLAGS_set=
ac_cv_env_LDFLAGS_value=
ac_cv_env_LIBS_set=
ac_cv_env_LIBS_value=
ac_cv_env_PKG_CONFIG_set=
ac_cv_env_PKG_CONFIG_value=
ac_cv_env_SOMANETEVENT_CFLAGS_set=
ac_cv_env_SOMANETEVENT_CFLAGS_value=
ac_cv_env_SOMANETEVENT_LIBS_set=
ac_cv_env_SOMANETEVENT_LIBS_value=
ac_cv_env_build_alias_set=
ac_cv_env_build_alias_value=
ac_cv_env_host_alias_set=
ac_cv_env_host_alias_value=
ac_cv_env_target_alias_set=
ac_cv_env_target_alias_value=
ac_cv_f77_compiler_gnu=no
ac_cv_header_dlfcn_h=yes
ac_cv_header_inttypes_h=yes
ac_cv_header_memory_h=yes
ac_cv_header_stdc=yes
ac_cv_header_stdint_h=yes
ac_cv_header_stdlib_h=yes
ac_cv_header_string_h=yes
ac_cv_header_strings_h=yes
ac_cv_header_sys_stat_h=yes
ac_cv_header_sys_types_h=yes
ac_cv_header_unistd_h=yes
ac_cv_host=i686-pc-linux-gnu
ac_cv_objext=o
ac_cv_path_EGREP='/bin/grep -E'
ac_cv_path_GREP=/bin/grep
ac_cv_path_ac_pt_PKG_CONFIG=/usr/bin/pkg-config
ac_cv_path_install='/usr/bin/install -c'
ac_cv_path_mkdir=/bin/mkdir
ac_cv_prog_AWK=mawk
ac_cv_prog_CPP='gcc -E'
ac_cv_prog_CXXCPP='g++ -E'
ac_cv_prog_HAVE_PKGCONFIG=yes
ac_cv_prog_ac_ct_AR=ar
ac_cv_prog_ac_ct_CC=gcc
ac_cv_prog_ac_ct_CXX=g++
ac_cv_prog_ac_ct_RANLIB=ranlib
ac_cv_prog_ac_ct_STRIP=strip
ac_cv_prog_cc_c89=
ac_cv_prog_cc_g=yes
ac_cv_prog_cxx_g=yes
ac_cv_prog_f77_g=no
ac_cv_prog_make_make_set=yes
am_cv_CC_dependencies_compiler_type=gcc3
am_cv_CXX_dependencies_compiler_type=gcc3
lt_cv_deplibs_check_method=pass_all
lt_cv_file_magic_cmd='$MAGIC_CMD'
lt_cv_file_magic_test_file=
lt_cv_ld_reload_flag=-r
lt_cv_objdir=.libs
lt_cv_path_LD=/usr/bin/ld
lt_cv_path_LDCXX=/usr/bin/ld
lt_cv_path_NM='/usr/bin/nm -B'
lt_cv_path_SED=/bin/sed
lt_cv_prog_compiler_c_o=yes
lt_cv_prog_compiler_c_o_CXX=yes
lt_cv_prog_compiler_pic_works=yes
lt_cv_prog_compiler_pic_works_CXX=yes
lt_cv_prog_compiler_rtti_exceptions=no
lt_cv_prog_compiler_static_works=yes
lt_cv_prog_compiler_static_works_CXX=yes
lt_cv_prog_gnu_ld=yes
lt_cv_prog_gnu_ldcxx=yes
lt_cv_sys_global_symbol_pipe='sed -n -e '\''s/^.*[ 	]\([ABCDGIRSTW][ABCDGIRSTW]*\)[ 	][ 	]*\([_A-Za-z][_A-Za-z0-9]*\)$/\1 \2 \2/p'\'''
lt_cv_sys_global_symbol_to_c_name_address='sed -n -e '\''s/^: \([^ ]*\) $/  {\"\1\", (lt_ptr) 0},/p'\'' -e '\''s/^[BCDEGRST] \([^ ]*\) \([^ ]*\)$/  {"\2", (lt_ptr) \&\2},/p'\'''
lt_cv_sys_global_symbol_to_cdecl='sed -n -e '\''s/^. .* \(.*\)$/extern int \1;/p'\'''
lt_cv_sys_lib_dlsearch_path_spec='/lib /usr/lib /lib/i486-linux-gnu /usr/lib/i486-linux-gnu /usr/local/lib '
lt_cv_sys_lib_search_path_spec='/usr/lib/gcc/i486-linux-gnu/4.2.4 /usr/lib /lib'
lt_cv_sys_max_cmd_len=98304
lt_lt_cv_prog_compiler_c_o='"yes"'
lt_lt_cv_prog_compiler_c_o_CXX='"yes"'
lt_lt_cv_sys_global_symbol_pipe='"sed -n -e '\''s/^.*[ 	]\\([ABCDGIRSTW][ABCDGIRSTW]*\\)[ 	][ 	]*\\([_A-Za-z][_A-Za-z0-9]*\\)\$/\\1 \\2 \\2/p'\''"'
lt_lt_cv_sys_global_symbol_to_c_name_address='"sed -n -e '\''s/^: \\([^ ]*\\) \$/  {\\\"\\1\\\", (lt_ptr) 0},/p'\'' -e '\''s/^[BCDEGRST] \\([^ ]*\\) \\([^ ]*\\)\$/  {\"\\2\", (lt_ptr) \\&\\2},/p'\''"'
lt_lt_cv_sys_global_symbol_to_cdecl='"sed -n -e '\''s/^. .* \\(.*\\)\$/extern int \\1;/p'\''"'
pkg_cv_GSTCTRL_CFLAGS='-pthread -I/usr/include/gstreamer-0.10 -I/usr/include/glib-2.0 -I/usr/lib/glib-2.0/include -I/usr/include/libxml2  '
pkg_cv_GSTCTRL_LIBS='-pthread -lgstcontroller-0.10 -lgstreamer-0.10 -lgobject-2.0 -lgmodule-2.0 -ldl -lgthread-2.0 -lrt -lxml2 -lglib-2.0  '
pkg_cv_GST_BASE_CFLAGS='-pthread -I/usr/include/gstreamer-0.10 -I/usr/include/glib-2.0 -I/usr/lib/glib-2.0/include -I/usr/include/libxml2  '
pkg_cv_GST_BASE_LIBS='-pthread -lgstbase-0.10 -lgstreamer-0.10 -lgobject-2.0 -lgmodule-2.0 -ldl -lgthread-2.0 -lrt -lxml2 -lglib-2.0  '
pkg_cv_GST_CFLAGS='-pthread -I/usr/include/gstreamer-0.10 -I/usr/include/glib-2.0 -I/usr/lib/glib-2.0/include -I/usr/include/libxml2  '
pkg_cv_GST_LIBS='-pthread -lgstreamer-0.10 -lgobject-2.0 -lgmodule-2.0 -ldl -lgthread-2.0 -lrt -lxml2 -lglib-2.0  '
pkg_cv_SOMANETEVENT_CFLAGS='-I/usr/local/include/somanetevent-1.0 -I/usr/local/lib/somanetevent-1.0/include  '
pkg_cv_SOMANETEVENT_LIBS='-L/usr/local/lib -lsomanetevent-1.0  '

## ----------------- ##
## Output variables. ##
## ----------------- ##

ACLOCAL='${SHELL} /home/slayton/soma/gstsoma/missing --run aclocal-1.10'
ACLOCAL_AMFLAGS='-I m4'
AMDEPBACKSLASH='\'
AMDEP_FALSE='#'
AMDEP_TRUE=''
AMTAR='${SHELL} /home/slayton/soma/gstsoma/missing --run tar'
AR='ar'
AUTOCONF='${SHELL} /home/slayton/soma/gstsoma/missing --run autoconf'
AUTOHEADER='${SHELL} /home/slayton/soma/gstsoma/missing --run autoheader'
AUTOMAKE='${SHELL} /home/slayton/soma/gstsoma/missing --run automake-1.10'
AWK='mawk'
CC='gcc'
CCDEPMODE='depmode=gcc3'
CFLAGS='-g -O2'
CPP='gcc -E'
CPPFLAGS=''
CXX='g++'
CXXCPP='g++ -E'
CXXDEPMODE='depmode=gcc3'
CXXFLAGS='-g -O2'
CYGPATH_W='echo'
DEFS='-DHAVE_CONFIG_H'
DEPDIR='.deps'
DSYMUTIL=''
ECHO='echo'
ECHO_C=''
ECHO_N='-n'
ECHO_T=''
EGREP='/bin/grep -E'
EXEEXT=''
F77=''
FFLAGS=''
GREP='/bin/grep'
GSTCTRL_CFLAGS='-pthread -I/usr/include/gstreamer-0.10 -I/usr/include/glib-2.0 -I/usr/lib/glib-2.0/include -I/usr/include/libxml2  '
GSTCTRL_LIBS='-pthread -lgstcontroller-0.10 -lgstreamer-0.10 -lgobject-2.0 -lgmodule-2.0 -ldl -lgthread-2.0 -lrt -lxml2 -lglib-2.0  '
GSTPB_BASE_CFLAGS=''
GSTPB_BASE_LIBS=''
GST_BASE_CFLAGS='-pthread -I/usr/include/gstreamer-0.10 -I/usr/include/glib-2.0 -I/usr/lib/glib-2.0/include -I/usr/include/libxml2  '
GST_BASE_LIBS='-pthread -lgstbase-0.10 -lgstreamer-0.10 -lgobject-2.0 -lgmodule-2.0 -ldl -lgthread-2.0 -lrt -lxml2 -lglib-2.0  '
GST_CFLAGS='-pthread -I/usr/include/gstreamer-0.10 -I/usr/include/glib-2.0 -I/usr/lib/glib-2.0/include -I/usr/include/libxml2    -Wall -Werror'
GST_LIBS='-pthread -lgstreamer-0.10 -lgobject-2.0 -lgmodule-2.0 -ldl -lgthread-2.0 -lrt -lxml2 -lglib-2.0  '
GST_MAJORMINOR='0.10'
GST_PLUGIN_CFLAGS=''
GST_PLUGIN_LDFLAGS='-module -avoid-version -export-symbols-regex _*\(gst_\|Gst\|GST_\).*'
GST_PLUGIN_LIBS=''
GST_PLUGIN_VERSION='0.10.0.1'
GST_PLUGIN_VERSION_MAJOR='0'
GST_PLUGIN_VERSION_MICRO='0'
GST_PLUGIN_VERSION_MINOR='10'
GST_PLUGIN_VERSION_NANO='1'
GST_PLUGIN_VERSION_RELEASE='0.20081111.185348'
HAVE_PKGCONFIG='yes'
INSTALL_DATA='${INSTALL} -m 644'
INSTALL_PROGRAM='${INSTALL}'
INSTALL_SCRIPT='${INSTALL}'
INSTALL_STRIP_PROGRAM='$(install_sh) -c -s'
LDFLAGS=''
LIBOBJS=''
LIBS=''
LIBTOOL='$(SHELL) $(top_builddir)/libtool'
LN_S='ln -s'
LTLIBOBJS=''
MAINT='#'
MAINTAINER_MODE_FALSE=''
MAINTAINER_MODE_TRUE='#'
MAKEINFO='${SHELL} /home/slayton/soma/gstsoma/missing --run makeinfo'
NMEDIT=''
OBJEXT='o'
PACKAGE='gstsomaeventsource'
PACKAGE_BUGREPORT=''
PACKAGE_NAME=''
PACKAGE_STRING=''
PACKAGE_TARNAME=''
PACKAGE_VERSION=''
PATH_SEPARATOR=':'
PKG_CONFIG='/usr/bin/pkg-config'
RANLIB='ranlib'
SED='/bin/sed'
SET_MAKE=''
SHELL='/bin/bash'
SOMANETEVENT_CFLAGS='-I/usr/local/include/somanetevent-1.0 -I/usr/local/lib/somanetevent-1.0/include  '
SOMANETEVENT_LIBS='-L/usr/local/lib -lsomanetevent-1.0  '
STRIP='strip'
VERSION='0.10.0.1'
ac_ct_CC='gcc'
ac_ct_CXX='g++'
ac_ct_F77=''
am__fastdepCC_FALSE='#'
am__fastdepCC_TRUE=''
am__fastdepCXX_FALSE='#'
am__fastdepCXX_TRUE=''
am__include='include'
am__isrc=''
am__leading_dot='.'
am__quote=''
am__tar='${AMTAR} chof - "$$tardir"'
am__untar='${AMTAR} xf -'
bindir='${exec_prefix}/bin'
build='i686-pc-linux-gnu'
build_alias=''
build_cpu='i686'
build_os='linux-gnu'
build_vendor='pc'
datadir='${datarootdir}'
datarootdir='${prefix}/share'
docdir='${datarootdir}/doc/${PACKAGE}'
dvidir='${docdir}'
exec_prefix='${prefix}'
host='i686-pc-linux-gnu'
host_alias=''
host_cpu='i686'
host_os='linux-gnu'
host_vendor='pc'
htmldir='${docdir}'
includedir='${prefix}/include'
infodir='${datarootdir}/info'
install_sh='$(SHELL) /home/slayton/soma/gstsoma/install-sh'
libdir='${exec_prefix}/lib'
libexecdir='${exec_prefix}/libexec'
localedir='${datarootdir}/locale'
localstatedir='${prefix}/var'
mandir='${datarootdir}/man'
mkdir_p='/bin/mkdir -p'
oldincludedir='/usr/include'
pdfdir='${docdir}'
plugindir='$(libdir)/gstreamer-0.10'
prefix='/usr/local'
program_transform_name='s,x,x,'
psdir='${docdir}'
sbindir='${exec_prefix}/sbin'
sharedstatedir='${prefix}/com'
sysconfdir='${prefix}/etc'
target_alias=''

## ----------- ##
## confdefs.h. ##
## ----------- ##

#define PACKAGE_NAME ""
#define PACKAGE_TARNAME ""
#define PACKAGE_VERSION ""
#define PACKAGE_STRING ""
#define PACKAGE_BUGREPORT ""
#define GST_PLUGIN_VERSION "0.10.0.1"
#define GST_PLUGIN_VERSION_RELEASE "0.20081111.185348"
#define PACKAGE "gstsomaeventsource"
#define VERSION "0.10.0.1"
#define PACKAGE "gstsomaeventsource"
#define VERSION "0.10.0.1"
#define STDC_HEADERS 1
#define HAVE_SYS_TYPES_H 1
#define HAVE_SYS_STAT_H 1
#define HAVE_STDLIB_H 1
#define HAVE_STRING_H 1
#define HAVE_MEMORY_H 1
#define HAVE_STRINGS_H 1
#define HAVE_INTTYPES_H 1
#define HAVE_STDINT_H 1
#define HAVE_UNISTD_H 1
#define HAVE_DLFCN_H 1

configure: exit 0
